<?xml version="1.0" encoding="UTF-8"?>
<!-- Generated by org.testng.reporters.JUnitXMLReporter -->
<testsuite hostname="Aloks-MacBook-Pro.local" ignored="4" name="onChrome" tests="6" failures="3" timestamp="10 Apr 2019 21:42:08 GMT" time="26.431" errors="0">
  <testcase name="login" time="6.257" classname="test.LoginPage"/>
  <testcase name="login1" time="2.533" classname="test.LoginPage1"/>
  <testcase name="login2" time="16.609" classname="test.LoginPage2"/>
  <testcase name="login" time="0.002" classname="test.LoginPage">
    <failure type="java.lang.NullPointerException">
      <![CDATA[java.lang.NullPointerException
	at org.openqa.selenium.interactions.Actions.<init>(Actions.java:44)
	at model.PageModel.getlogin(PageModel.java:16)
	at Page.ZohoHome.setlogin(ZohoHome.java:17)
	at test.LoginPage.login(LoginPage.java:19)
... Removed 25 stack frames]]>
    </failure>
  </testcase> <!-- login -->
  <testcase name="login1" time="0.001" classname="test.LoginPage1">
    <failure type="java.lang.NullPointerException">
      <![CDATA[java.lang.NullPointerException
	at model.PageModel1.getemail(PageModel1.java:14)
	at Page.ZohoHome1.setemail(ZohoHome1.java:15)
	at test.LoginPage1.login1(LoginPage1.java:23)
... Removed 25 stack frames]]>
    </failure>
  </testcase> <!-- login1 -->
  <testcase name="login" time="0.002" classname="test.LoginPage">
    <failure type="java.lang.NullPointerException">
      <![CDATA[java.lang.NullPointerException
	at org.openqa.selenium.interactions.Actions.<init>(Actions.java:44)
	at model.PageModel.getlogin(PageModel.java:16)
	at Page.ZohoHome.setlogin(ZohoHome.java:17)
	at test.LoginPage.login(LoginPage.java:19)
... Removed 25 stack frames]]>
    </failure>
  </testcase> <!-- login -->
  <testcase name="@AfterSuite n" time="0.0" classname="test.TestBase">
    <ignored/>
  </testcase> <!-- @AfterSuite n -->
  <testcase name="@AfterSuite n" time="0.0" classname="test.TestBase">
    <ignored/>
  </testcase> <!-- @AfterSuite n -->
  <testcase name="@BeforeSuite m" time="0.0" classname="test.TestBase">
    <ignored/>
  </testcase> <!-- @BeforeSuite m -->
  <testcase name="@BeforeSuite m" time="0.0" classname="test.TestBase">
    <ignored/>
  </testcase> <!-- @BeforeSuite m -->
</testsuite> <!-- onChrome -->
